Build started 30-09-2024 6.35.12 PM.
     1>Project "C:\Users\vasuk\OneDrive\ドキュメント\visual studio 2010\Projects\244101064_Kmeans_Assignment5\244101064_Kmeans_Assignment5\244101064_Kmeans_Assignment5.vcxproj" on node 2 (build target(s)).
     1>InitializeBuildStatus:
         Creating "Debug\244101064_Kmeans_Assignment5.unsuccessfulbuild" because "AlwaysCreate" was specified.
       ClCompile:
         C:\Program Files (x86)\Microsoft Visual Studio 10.0\VC\bin\CL.exe /c /ZI /nologo /W3 /WX- /Od /Oy- /D WIN32 /D _DEBUG /D _CONSOLE /D _UNICODE /D UNICODE /Gm /EHsc /RTC1 /MDd /GS /fp:precise /Zc:wchar_t /Zc:forScope /Yc"StdAfx.h" /Fp"Debug\244101064_Kmeans_Assignment5.pch" /Fo"Debug\\" /Fd"Debug\vc100.pdb" /Gd /TP /analyze- /errorReport:prompt stdafx.cpp
         stdafx.cpp
         C:\Program Files (x86)\Microsoft Visual Studio 10.0\VC\bin\CL.exe /c /ZI /nologo /W3 /WX- /Od /Oy- /D WIN32 /D _DEBUG /D _CONSOLE /D _UNICODE /D UNICODE /Gm /EHsc /RTC1 /MDd /GS /fp:precise /Zc:wchar_t /Zc:forScope /Yu"StdAfx.h" /Fp"Debug\244101064_Kmeans_Assignment5.pch" /Fo"Debug\\" /Fd"Debug\vc100.pdb" /Gd /TP /analyze- /errorReport:prompt 244101064_Kmeans_Assignment5.cpp
         244101064_Kmeans_Assignment5.cpp
     1>c:\users\vasuk\onedrive\ドキュメント\visual studio 2010\projects\244101064_kmeans_assignment5\244101064_kmeans_assignment5\244101064_kmeans_assignment5.cpp(106): warning C4305: 'initializing' : truncation from 'int' to 'float'
     1>c:\users\vasuk\onedrive\ドキュメント\visual studio 2010\projects\244101064_kmeans_assignment5\244101064_kmeans_assignment5\244101064_kmeans_assignment5.cpp(125): warning C4244: '=' : conversion from 'double' to 'int', possible loss of data
     1>c:\users\vasuk\onedrive\ドキュメント\visual studio 2010\projects\244101064_kmeans_assignment5\244101064_kmeans_assignment5\244101064_kmeans_assignment5.cpp(143): warning C4996: 'fopen': This function or variable may be unsafe. Consider using fopen_s instead. To disable deprecation, use _CRT_SECURE_NO_WARNINGS. See online help for details.
                 c:\program files (x86)\microsoft visual studio 10.0\vc\include\stdio.h(234) : see declaration of 'fopen'
     1>c:\users\vasuk\onedrive\ドキュメント\visual studio 2010\projects\244101064_kmeans_assignment5\244101064_kmeans_assignment5\244101064_kmeans_assignment5.cpp(152): warning C4996: 'strtok': This function or variable may be unsafe. Consider using strtok_s instead. To disable deprecation, use _CRT_SECURE_NO_WARNINGS. See online help for details.
                 c:\program files (x86)\microsoft visual studio 10.0\vc\include\string.h(197) : see declaration of 'strtok'
     1>c:\users\vasuk\onedrive\ドキュメント\visual studio 2010\projects\244101064_kmeans_assignment5\244101064_kmeans_assignment5\244101064_kmeans_assignment5.cpp(155): warning C4244: '=' : conversion from 'double' to 'float', possible loss of data
     1>c:\users\vasuk\onedrive\ドキュメント\visual studio 2010\projects\244101064_kmeans_assignment5\244101064_kmeans_assignment5\244101064_kmeans_assignment5.cpp(156): warning C4996: 'strtok': This function or variable may be unsafe. Consider using strtok_s instead. To disable deprecation, use _CRT_SECURE_NO_WARNINGS. See online help for details.
                 c:\program files (x86)\microsoft visual studio 10.0\vc\include\string.h(197) : see declaration of 'strtok'
     1>c:\users\vasuk\onedrive\ドキュメント\visual studio 2010\projects\244101064_kmeans_assignment5\244101064_kmeans_assignment5\244101064_kmeans_assignment5.cpp(170): warning C4244: 'argument' : conversion from 'time_t' to 'unsigned int', possible loss of data
     1>c:\users\vasuk\onedrive\ドキュメント\visual studio 2010\projects\244101064_kmeans_assignment5\244101064_kmeans_assignment5\244101064_kmeans_assignment5.cpp(190): warning C4996: 'fopen': This function or variable may be unsafe. Consider using fopen_s instead. To disable deprecation, use _CRT_SECURE_NO_WARNINGS. See online help for details.
                 c:\program files (x86)\microsoft visual studio 10.0\vc\include\stdio.h(234) : see declaration of 'fopen'
     1>c:\users\vasuk\onedrive\ドキュメント\visual studio 2010\projects\244101064_kmeans_assignment5\244101064_kmeans_assignment5\244101064_kmeans_assignment5.cpp(214): warning C4101: 'cols' : unreferenced local variable
     1>c:\users\vasuk\onedrive\ドキュメント\visual studio 2010\projects\244101064_kmeans_assignment5\244101064_kmeans_assignment5\244101064_kmeans_assignment5.cpp(214): warning C4101: 'rows' : unreferenced local variable
     1>c:\users\vasuk\onedrive\ドキュメント\visual studio 2010\projects\244101064_kmeans_assignment5\244101064_kmeans_assignment5\244101064_kmeans_assignment5.cpp(215): warning C4101: 'initial_centroid' : unreferenced local variable
       ManifestResourceCompile:
         C:\Program Files (x86)\Microsoft SDKs\Windows\v7.0A\bin\rc.exe /nologo /fo"Debug\244101064_Kmeans_Assignment5.exe.embed.manifest.res" Debug\244101064_Kmeans_Assignment5_manifest.rc 
       Link:
         C:\Program Files (x86)\Microsoft Visual Studio 10.0\VC\bin\link.exe /ERRORREPORT:PROMPT /OUT:"C:\Users\vasuk\onedrive\ドキュメント\visual studio 2010\Projects\244101064_Kmeans_Assignment5\Debug\244101064_Kmeans_Assignment5.exe" /INCREMENTAL /NOLOGO kernel32.lib user32.lib gdi32.lib winspool.lib comdlg32.lib advapi32.lib shell32.lib ole32.lib oleaut32.lib uuid.lib odbc32.lib odbccp32.lib /MANIFEST /ManifestFile:"Debug\244101064_Kmeans_Assignment5.exe.intermediate.manifest" /MANIFESTUAC:"level='asInvoker' uiAccess='false'" /DEBUG /PDB:"C:\Users\vasuk\onedrive\ドキュメント\visual studio 2010\Projects\244101064_Kmeans_Assignment5\Debug\244101064_Kmeans_Assignment5.pdb" /SUBSYSTEM:CONSOLE /TLBID:1 /DYNAMICBASE /NXCOMPAT /IMPLIB:"C:\Users\vasuk\onedrive\ドキュメント\visual studio 2010\Projects\244101064_Kmeans_Assignment5\Debug\244101064_Kmeans_Assignment5.lib" /MACHINE:X86 Debug\244101064_Kmeans_Assignment5.exe.embed.manifest.res
         Debug\244101064_Kmeans_Assignment5.obj
         Debug\stdafx.obj
       Manifest:
         C:\Program Files (x86)\Microsoft SDKs\Windows\v7.0A\bin\mt.exe /nologo /verbose /out:"Debug\244101064_Kmeans_Assignment5.exe.embed.manifest" /manifest Debug\244101064_Kmeans_Assignment5.exe.intermediate.manifest
         C:\Program Files (x86)\Microsoft SDKs\Windows\v7.0A\bin\rc.exe /nologo /fo"Debug\244101064_Kmeans_Assignment5.exe.embed.manifest.res" Debug\244101064_Kmeans_Assignment5_manifest.rc 
       LinkEmbedManifest:
         C:\Program Files (x86)\Microsoft Visual Studio 10.0\VC\bin\link.exe /ERRORREPORT:PROMPT /OUT:"C:\Users\vasuk\onedrive\ドキュメント\visual studio 2010\Projects\244101064_Kmeans_Assignment5\Debug\244101064_Kmeans_Assignment5.exe" /INCREMENTAL /NOLOGO kernel32.lib user32.lib gdi32.lib winspool.lib comdlg32.lib advapi32.lib shell32.lib ole32.lib oleaut32.lib uuid.lib odbc32.lib odbccp32.lib /MANIFEST /ManifestFile:"Debug\244101064_Kmeans_Assignment5.exe.intermediate.manifest" /MANIFESTUAC:"level='asInvoker' uiAccess='false'" /DEBUG /PDB:"C:\Users\vasuk\onedrive\ドキュメント\visual studio 2010\Projects\244101064_Kmeans_Assignment5\Debug\244101064_Kmeans_Assignment5.pdb" /SUBSYSTEM:CONSOLE /TLBID:1 /DYNAMICBASE /NXCOMPAT /IMPLIB:"C:\Users\vasuk\onedrive\ドキュメント\visual studio 2010\Projects\244101064_Kmeans_Assignment5\Debug\244101064_Kmeans_Assignment5.lib" /MACHINE:X86 Debug\244101064_Kmeans_Assignment5.exe.embed.manifest.res
         Debug\244101064_Kmeans_Assignment5.obj
         Debug\stdafx.obj
         244101064_Kmeans_Assignment5.vcxproj -> C:\Users\vasuk\onedrive\ドキュメント\visual studio 2010\Projects\244101064_Kmeans_Assignment5\Debug\244101064_Kmeans_Assignment5.exe
       FinalizeBuildStatus:
         Deleting file "Debug\244101064_Kmeans_Assignment5.unsuccessfulbuild".
         Touching "Debug\244101064_Kmeans_Assignment5.lastbuildstate".
     1>Done Building Project "C:\Users\vasuk\OneDrive\ドキュメント\visual studio 2010\Projects\244101064_Kmeans_Assignment5\244101064_Kmeans_Assignment5\244101064_Kmeans_Assignment5.vcxproj" (build target(s)).

Build succeeded.

Time Elapsed 00:00:05.63
